2026-07-16 15:39:15.679   Log opened. (Time zone: UTC+05:00)
2026-07-16 15:39:15.679   Setup version: Inno Setup version 6.7.1
2026-07-16 15:39:15.679   Original Setup EXE: C:\Users\almaz\Desktop\paracetamol.haze\desktop\cs2haze\dist\CS2Haze-Setup.exe
2026-07-16 15:39:15.679   Setup command line: /SL5="$30442,113053968,890368,C:\Users\almaz\Desktop\paracetamol.haze\desktop\cs2haze\dist\CS2Haze-Setup.exe" /VERYSILENT /SUPPRESSMSGBOXES /LOG="C:\Users\almaz\Desktop\paracetamol.haze\desktop\cs2haze\installer.log" 
2026-07-16 15:39:15.679   Windows version: 10.0.19045
2026-07-16 15:39:15.679   Windows architecture: x64 (64-bit)
2026-07-16 15:39:15.680   Machine types supported by system: x86 x64
2026-07-16 15:39:15.680   User privileges: None
2026-07-16 15:39:15.683   Administrative install mode: No
2026-07-16 15:39:15.683   Install mode root key: HKEY_CURRENT_USER
2026-07-16 15:39:15.683   64-bit install mode: Yes
2026-07-16 15:39:15.683   RedirectionGuard status for current process: Enabled in enforcing mode
2026-07-16 15:39:15.684   Created temporary directory: C:\Users\almaz\AppData\Local\Temp\is-8SIUYFAPHV.tmp
2026-07-16 15:39:15.779   Found 9 files to register with RestartManager.
2026-07-16 15:39:15.779   Calling RestartManager's RmGetList.
2026-07-16 15:39:18.692   RmGetList finished successfully.
2026-07-16 15:39:18.692   RestartManager found no applications using one of our files.
2026-07-16 15:39:18.696   Starting the installation process.
2026-07-16 15:39:18.697   Directory for uninstall files: C:\Users\almaz\AppData\Local\Programs\cs2haze
2026-07-16 15:39:18.747   Will append to existing uninstall log: C:\Users\almaz\AppData\Local\Programs\cs2haze\unins000.dat
2026-07-16 15:39:18.749   -- File entry --
2026-07-16 15:39:18.749   Dest filename: C:\Users\almaz\AppData\Local\Programs\cs2haze\unins000.exe
2026-07-16 15:39:18.749   Non-default bitness: 32-bit
2026-07-16 15:39:18.750   Time stamp of our file: 2026-07-16 15:39:15.420
2026-07-16 15:39:18.750   Dest file exists.
2026-07-16 15:39:18.751   Time stamp of existing file: 2026-07-15 22:17:20.609
2026-07-16 15:39:18.751   Version of our file: 51.1054.0.0
2026-07-16 15:39:18.858   Version of existing file: 51.1054.0.0
2026-07-16 15:39:18.858   Installing the file.
2026-07-16 15:39:18.889   Leaving temporary file in place for now.
2026-07-16 15:39:18.890   -- File entry --
2026-07-16 15:39:18.890   Dest filename: C:\Users\almaz\AppData\Local\Programs\cs2haze\cs2haze-updater.exe
2026-07-16 15:39:18.890   Time stamp of our file: 2026-07-16 15:34:58.000
2026-07-16 15:39:18.890   Dest file exists.
2026-07-16 15:39:18.890   Time stamp of existing file: 2026-07-15 22:32:40.741
2026-07-16 15:39:18.890   Installing the file.
2026-07-16 15:39:22.985   Successfully installed the file.
2026-07-16 15:39:22.985   -- File entry --
2026-07-16 15:39:22.985   Dest filename: C:\Users\almaz\AppData\Local\Programs\cs2haze\cs2haze-updater.pdb
2026-07-16 15:39:22.985   Time stamp of our file: 2026-07-16 15:33:14.000
2026-07-16 15:39:22.985   Dest file exists.
2026-07-16 15:39:22.985   Time stamp of existing file: 2026-07-15 22:32:40.742
2026-07-16 15:39:22.985   Installing the file.
2026-07-16 15:39:22.987   Successfully installed the file.
2026-07-16 15:39:22.987   -- File entry --
2026-07-16 15:39:22.987   Dest filename: C:\Users\almaz\AppData\Local\Programs\cs2haze\cs2haze.exe
2026-07-16 15:39:22.987   Time stamp of our file: 2026-07-16 15:34:54.000
2026-07-16 15:39:22.987   Dest file exists.
2026-07-16 15:39:22.988   Time stamp of existing file: 2026-07-15 22:32:41.425
2026-07-16 15:39:22.988   Installing the file.
2026-07-16 15:39:27.564   Successfully installed the file.
2026-07-16 15:39:27.564   -- File entry --
2026-07-16 15:39:27.564   Dest filename: C:\Users\almaz\AppData\Local\Programs\cs2haze\cs2haze.pdb
2026-07-16 15:39:27.564   Time stamp of our file: 2026-07-16 15:33:10.000
2026-07-16 15:39:27.564   Dest file exists.
2026-07-16 15:39:27.564   Time stamp of existing file: 2026-07-15 22:32:41.426
2026-07-16 15:39:27.564   Installing the file.
2026-07-16 15:39:27.566   Successfully installed the file.
2026-07-16 15:39:27.566   -- File entry --
2026-07-16 15:39:27.566   Dest filename: C:\Users\almaz\AppData\Local\Programs\cs2haze\D3DCompiler_47_cor3.dll
2026-07-16 15:39:27.566   Time stamp of our file: 2026-01-27 11:18:40.000
2026-07-16 15:39:27.566   Dest file exists.
2026-07-16 15:39:27.566   Time stamp of existing file: 2026-07-15 22:32:41.461
2026-07-16 15:39:27.566   Installing the file.
2026-07-16 15:39:27.642   Successfully installed the file.
2026-07-16 15:39:27.642   -- File entry --
2026-07-16 15:39:27.642   Dest filename: C:\Users\almaz\AppData\Local\Programs\cs2haze\PenImc_cor3.dll
2026-07-16 15:39:27.642   Time stamp of our file: 2026-05-20 03:23:08.000
2026-07-16 15:39:27.642   Dest file exists.
2026-07-16 15:39:27.642   Time stamp of existing file: 2026-07-15 22:32:41.465
2026-07-16 15:39:27.642   Installing the file.
2026-07-16 15:39:27.646   Successfully installed the file.
2026-07-16 15:39:27.646   -- File entry --
2026-07-16 15:39:27.646   Dest filename: C:\Users\almaz\AppData\Local\Programs\cs2haze\PresentationNative_cor3.dll
2026-07-16 15:39:27.646   Time stamp of our file: 2026-05-04 11:23:54.000
2026-07-16 15:39:27.646   Dest file exists.
2026-07-16 15:39:27.646   Time stamp of existing file: 2026-07-15 22:32:42.173
2026-07-16 15:39:27.646   Installing the file.
2026-07-16 15:39:27.667   Successfully installed the file.
2026-07-16 15:39:27.667   -- File entry --
2026-07-16 15:39:27.667   Dest filename: C:\Users\almaz\AppData\Local\Programs\cs2haze\vcruntime140_cor3.dll
2026-07-16 15:39:27.667   Time stamp of our file: 2026-04-21 07:23:30.000
2026-07-16 15:39:27.667   Dest file exists.
2026-07-16 15:39:27.667   Time stamp of existing file: 2026-07-15 22:32:42.174
2026-07-16 15:39:27.668   Installing the file.
2026-07-16 15:39:27.670   Successfully installed the file.
2026-07-16 15:39:27.670   -- File entry --
2026-07-16 15:39:27.670   Dest filename: C:\Users\almaz\AppData\Local\Programs\cs2haze\wpfgfx_cor3.dll
2026-07-16 15:39:27.670   Time stamp of our file: 2026-05-20 03:23:02.000
2026-07-16 15:39:27.670   Dest file exists.
2026-07-16 15:39:27.670   Time stamp of existing file: 2026-07-15 22:32:42.185
2026-07-16 15:39:27.670   Installing the file.
2026-07-16 15:39:27.694   Successfully installed the file.
2026-07-16 15:39:27.694   -- File entry --
2026-07-16 15:39:27.694   Dest filename: C:\Users\almaz\AppData\Local\Programs\cs2haze\Assets\cs2haze.ico
2026-07-16 15:39:27.695   Time stamp of our file: 2026-07-14 20:23:38.000
2026-07-16 15:39:27.695   Dest file exists.
2026-07-16 15:39:27.695   Time stamp of existing file: 2026-07-15 22:32:40.122
2026-07-16 15:39:27.695   Installing the file.
2026-07-16 15:39:27.699   Successfully installed the file.
2026-07-16 15:39:27.699   -- File entry --
2026-07-16 15:39:27.699   Dest filename: C:\Users\almaz\AppData\Local\Programs\cs2haze\runtime\.helper_version
2026-07-16 15:39:27.700   Time stamp of our file: 2026-07-16 15:36:00.000
2026-07-16 15:39:27.700   Dest file exists.
2026-07-16 15:39:27.700   Time stamp of existing file: 2026-07-16 01:45:21.375
2026-07-16 15:39:27.700   Installing the file.
2026-07-16 15:39:27.701   Successfully installed the file.
2026-07-16 15:39:27.701   -- File entry --
2026-07-16 15:39:27.701   Dest filename: C:\Users\almaz\AppData\Local\Programs\cs2haze\runtime\cs2-agent.js
2026-07-16 15:39:27.701   Time stamp of our file: 2026-07-16 15:36:00.000
2026-07-16 15:39:27.701   Dest file exists.
2026-07-16 15:39:27.701   Time stamp of existing file: 2026-07-15 20:40:16.000
2026-07-16 15:39:27.701   Installing the file.
2026-07-16 15:39:27.716   Successfully installed the file.
2026-07-16 15:39:27.716   -- File entry --
2026-07-16 15:39:27.716   Dest filename: C:\Users\almaz\AppData\Local\Programs\cs2haze\runtime\cs2_input_helper.exe
2026-07-16 15:39:27.716   Time stamp of our file: 2026-07-16 15:36:00.000
2026-07-16 15:39:27.716   Dest file exists.
2026-07-16 15:39:27.716   Time stamp of existing file: 2026-07-16 01:45:21.368
2026-07-16 15:39:27.716   Installing the file.
2026-07-16 15:39:27.718   Successfully installed the file.
2026-07-16 15:39:27.718   -- File entry --
2026-07-16 15:39:27.718   Dest filename: C:\Users\almaz\AppData\Local\Programs\cs2haze\runtime\node.exe
2026-07-16 15:39:27.718   Time stamp of our file: 2026-06-23 14:21:28.000
2026-07-16 15:39:27.718   Dest file exists.
2026-07-16 15:39:27.718   Time stamp of existing file: 2026-06-23 14:21:28.000
2026-07-16 15:39:27.718   Installing the file.
2026-07-16 15:39:29.936   Successfully installed the file.
2026-07-16 15:39:29.936   -- File entry --
2026-07-16 15:39:29.936   Dest filename: C:\Users\almaz\AppData\Local\Programs\cs2haze\Assets\cs2haze.ico
2026-07-16 15:39:29.936   Time stamp of our file: 2026-07-14 20:23:38.000
2026-07-16 15:39:29.936   Dest file exists.
2026-07-16 15:39:29.936   Time stamp of existing file: 2026-07-14 20:23:38.000
2026-07-16 15:39:29.936   Installing the file.
2026-07-16 15:39:29.940   Successfully installed the file.
2026-07-16 15:39:29.941   -- File entry --
2026-07-16 15:39:29.941   Dest filename: C:\Users\almaz\AppData\Local\Programs\cs2haze\launcher-config.json
2026-07-16 15:39:29.941   Time stamp of our file: 2026-07-15 03:34:04.000
2026-07-16 15:39:29.941   Dest file exists.
2026-07-16 15:39:29.941   Skipping due to "onlyifdoesntexist" flag.
2026-07-16 15:39:29.941   -- Icon entry --
2026-07-16 15:39:29.941   Dest filename: C:\Users\almaz\Desktop\cs2haze.lnk
2026-07-16 15:39:29.942   Creating the icon.
2026-07-16 15:39:30.374   Successfully created the icon.
2026-07-16 15:39:30.379   -- Icon entry --
2026-07-16 15:39:30.379   Dest filename: C:\Users\almaz\AppData\Roaming\Microsoft\Windows\Start Menu\Programs\cs2haze\cs2haze.lnk
2026-07-16 15:39:30.380   Creating the icon.
2026-07-16 15:39:30.385   Successfully created the icon.
2026-07-16 15:39:30.546   -- Registry entry --
2026-07-16 15:39:30.547   Key: HKEY_CURRENT_USER\Software\Classes\cs2haze
2026-07-16 15:39:30.547   Creating or opening the key.
2026-07-16 15:39:30.547   Creating or setting the value.
2026-07-16 15:39:30.547   Successfully created or set the value.
2026-07-16 15:39:30.547   -- Registry entry --
2026-07-16 15:39:30.547   Key: HKEY_CURRENT_USER\Software\Classes\cs2haze
2026-07-16 15:39:30.547   Value name: URL Protocol
2026-07-16 15:39:30.547   Creating or opening the key.
2026-07-16 15:39:30.547   Creating or setting the value.
2026-07-16 15:39:30.547   Successfully created or set the value.
2026-07-16 15:39:30.547   -- Registry entry --
2026-07-16 15:39:30.547   Key: HKEY_CURRENT_USER\Software\Classes\cs2haze\DefaultIcon
2026-07-16 15:39:30.547   Creating or opening the key.
2026-07-16 15:39:30.547   Creating or setting the value.
2026-07-16 15:39:30.547   Successfully created or set the value.
2026-07-16 15:39:30.547   -- Registry entry --
2026-07-16 15:39:30.547   Key: HKEY_CURRENT_USER\Software\Classes\cs2haze\shell\open\command
2026-07-16 15:39:30.547   Creating or opening the key.
2026-07-16 15:39:30.547   Creating or setting the value.
2026-07-16 15:39:30.547   Successfully created or set the value.
2026-07-16 15:39:30.547   Saving uninstall information.
2026-07-16 15:39:30.547   Renaming uninstaller.
2026-07-16 15:39:30.548   Deleting uninstall key left over from previous non administrative install.
2026-07-16 15:39:30.548   Creating new uninstall key: HKEY_CURRENT_USER\Software\Microsoft\Windows\CurrentVersion\Uninstall\{C0F8FE6E-4336-46A1-9C56-5F1A56C2A54E}_is1
2026-07-16 15:39:30.548   Writing uninstall key values.
2026-07-16 15:39:30.548   Detected previous administrative 64-bit install? No
2026-07-16 15:39:30.548   Detected previous administrative 32-bit install? No
2026-07-16 15:39:30.553   Installation process succeeded.
2026-07-16 15:39:30.553   Need to restart Windows? No
2026-07-16 15:39:30.556   Deinitializing Setup.
2026-07-16 15:39:30.569   Log closed.
